2024-12-10 02:45:32,099 p=11992 u=mguantay n=ansible | [WARNING]: A duplicate localhost-like entry was found (localhost). First found localhost was 127.0.0.1

2024-12-10 02:45:32,460 p=11992 u=mguantay n=ansible | PLAY [all] *************************************************************************************************************************************************************************************
2024-12-10 02:45:32,478 p=11992 u=mguantay n=ansible | TASK [Gathering Facts] *************************************************************************************************************************************************************************
2024-12-10 02:45:32,622 p=11992 u=mguantay n=ansible | fatal: [127.0.0.1]: UNREACHABLE! => {"changed": false, "msg": "Failed to connect to the host via ssh: Warning: Permanently added '127.0.0.1' (ED25519) to the list of known hosts.\r\nmguantay@127.0.0.1: Permission denied (publickey).", "unreachable": true}
2024-12-10 02:45:34,407 p=11992 u=mguantay n=ansible | [WARNING]: Platform linux on host localhost is using the discovered Python interpreter at /usr/bin/python3.10, but future installation of another Python interpreter could change the meaning
of that path. See https://docs.ansible.com/ansible-core/2.17/reference_appendices/interpreter_discovery.html for more information.

2024-12-10 02:45:34,407 p=11992 u=mguantay n=ansible | ok: [localhost]
2024-12-10 02:45:34,426 p=11992 u=mguantay n=ansible | TASK [include_role : 2PRecuperatorio] **********************************************************************************************************************************************************
2024-12-10 02:45:34,475 p=11992 u=mguantay n=ansible | ERROR! We were unable to read either as JSON nor YAML, these are the errors we got from each:
JSON: Expecting value: line 1 column 1 (char 0)

Syntax Error while loading YAML.
  but found another document. expected a single document in the stream
but found another document
  in "<unicode string>", line 3, column 1

The error appears to be in '/home/mguantay/UTN-FRA_SO_Examenes/202408/ansible/roles/2PRecuperatorio/tasks/main.yml': line 3, column 1, but may
be elsewhere in the file depending on the exact syntax problem.

The offending line appears to be:

# tasks file for 2PRecuperatorio
---
^ here

2024-12-10 02:54:49,433 p=12101 u=mguantay n=ansible | [WARNING]: A duplicate localhost-like entry was found (localhost). First found localhost was 127.0.0.1

2024-12-10 02:54:49,729 p=12101 u=mguantay n=ansible | PLAY [all] *************************************************************************************************************************************************************************************
2024-12-10 02:54:49,742 p=12101 u=mguantay n=ansible | TASK [Gathering Facts] *************************************************************************************************************************************************************************
2024-12-10 02:54:49,870 p=12101 u=mguantay n=ansible | fatal: [127.0.0.1]: UNREACHABLE! => {"changed": false, "msg": "Failed to connect to the host via ssh: Warning: Permanently added '127.0.0.1' (ED25519) to the list of known hosts.\r\nmguantay@127.0.0.1: Permission denied (publickey).", "unreachable": true}
2024-12-10 02:54:51,577 p=12101 u=mguantay n=ansible | [WARNING]: Platform linux on host localhost is using the discovered Python interpreter at /usr/bin/python3.10, but future installation of another Python interpreter could change the meaning
of that path. See https://docs.ansible.com/ansible-core/2.17/reference_appendices/interpreter_discovery.html for more information.

2024-12-10 02:54:51,577 p=12101 u=mguantay n=ansible | ok: [localhost]
2024-12-10 02:54:51,596 p=12101 u=mguantay n=ansible | TASK [include_role : 2PRecuperatorio] **********************************************************************************************************************************************************
2024-12-10 02:54:51,645 p=12101 u=mguantay n=ansible | included: 2PRecuperatorio for localhost
2024-12-10 02:54:51,662 p=12101 u=mguantay n=ansible | TASK [2PRecuperatorio : Crear directorio para el archivo] **************************************************************************************************************************************
2024-12-10 02:54:52,255 p=12101 u=mguantay n=ansible | changed: [localhost]
2024-12-10 02:54:52,277 p=12101 u=mguantay n=ansible | TASK [2PRecuperatorio : Crear archivo con los datos requeridos] ********************************************************************************************************************************
2024-12-10 02:54:52,303 p=12101 u=mguantay n=ansible | fatal: [localhost]: FAILED! => {"msg": "The task includes an option with an undefined variable.. 'Marcos' is undefined\n\nThe error appears to be in '/home/mguantay/UTN-FRA_SO_Examenes/202408/ansible/roles/2PRecuperatorio/tasks/main.yml': line 9, column 3, but may\nbe elsewhere in the file depending on the exact syntax problem.\n\nThe offending line appears to be:\n\n\n- name: Crear archivo con los datos requeridos\n  ^ here\n"}
2024-12-10 02:54:52,305 p=12101 u=mguantay n=ansible | PLAY RECAP *************************************************************************************************************************************************************************************
2024-12-10 02:54:52,305 p=12101 u=mguantay n=ansible | 127.0.0.1                  : ok=0    changed=0    unreachable=1    failed=0    skipped=0    rescued=0    ignored=0   
2024-12-10 02:54:52,306 p=12101 u=mguantay n=ansible | localhost                  : ok=3    changed=1    unreachable=0    failed=1    skipped=0    rescued=0    ignored=0   
2024-12-10 02:59:23,101 p=12230 u=mguantay n=ansible | [WARNING]: A duplicate localhost-like entry was found (localhost). First found localhost was 127.0.0.1

2024-12-10 02:59:23,317 p=12230 u=mguantay n=ansible | ERROR! We were unable to read either as JSON nor YAML, these are the errors we got from each:
JSON: Expecting value: line 1 column 1 (char 0)

Syntax Error while loading YAML.
  but found another document. expected a single document in the stream
but found another document
  in "<unicode string>", line 2, column 1

The error appears to be in '/home/mguantay/UTN-FRA_SO_Examenes/202408/ansible/playbook.yml': line 2, column 1, but may
be elsewhere in the file depending on the exact syntax problem.

The offending line appears to be:

---
---
^ here

2024-12-10 03:00:41,327 p=12236 u=mguantay n=ansible | [WARNING]: A duplicate localhost-like entry was found (localhost). First found localhost was 127.0.0.1

2024-12-10 03:00:41,630 p=12236 u=mguantay n=ansible | PLAY [Playbook para crear el archivo de datos] *************************************************************************************************************************************************
2024-12-10 03:00:41,645 p=12236 u=mguantay n=ansible | TASK [Gathering Facts] *************************************************************************************************************************************************************************
2024-12-10 03:00:43,665 p=12236 u=mguantay n=ansible | [WARNING]: Platform linux on host localhost is using the discovered Python interpreter at /usr/bin/python3.10, but future installation of another Python interpreter could change the meaning
of that path. See https://docs.ansible.com/ansible-core/2.17/reference_appendices/interpreter_discovery.html for more information.

2024-12-10 03:00:43,666 p=12236 u=mguantay n=ansible | ok: [localhost]
2024-12-10 03:00:43,683 p=12236 u=mguantay n=ansible | TASK [2PRecuperatorio : Crear directorio para el archivo] **************************************************************************************************************************************
2024-12-10 03:00:44,287 p=12236 u=mguantay n=ansible | ok: [localhost]
2024-12-10 03:00:44,314 p=12236 u=mguantay n=ansible | TASK [2PRecuperatorio : Crear archivo con los datos requeridos] ********************************************************************************************************************************
2024-12-10 03:00:44,342 p=12236 u=mguantay n=ansible | fatal: [localhost]: FAILED! => {"msg": "The task includes an option with an undefined variable.. 'Marcos' is undefined\n\nThe error appears to be in '/home/mguantay/UTN-FRA_SO_Examenes/202408/ansible/roles/2PRecuperatorio/tasks/main.yml': line 9, column 3, but may\nbe elsewhere in the file depending on the exact syntax problem.\n\nThe offending line appears to be:\n\n\n- name: Crear archivo con los datos requeridos\n  ^ here\n"}
2024-12-10 03:00:44,344 p=12236 u=mguantay n=ansible | PLAY RECAP *************************************************************************************************************************************************************************************
2024-12-10 03:00:44,344 p=12236 u=mguantay n=ansible | localhost                  : ok=2    changed=0    unreachable=0    failed=1    skipped=0    rescued=0    ignored=0   
2024-12-10 03:04:54,838 p=12374 u=mguantay n=ansible | [WARNING]: A duplicate localhost-like entry was found (localhost). First found localhost was 127.0.0.1

2024-12-10 03:04:55,136 p=12374 u=mguantay n=ansible | PLAY [Playbook para crear el archivo de datos] *************************************************************************************************************************************************
2024-12-10 03:04:55,151 p=12374 u=mguantay n=ansible | TASK [Gathering Facts] *************************************************************************************************************************************************************************
2024-12-10 03:04:57,146 p=12374 u=mguantay n=ansible | [WARNING]: Platform linux on host localhost is using the discovered Python interpreter at /usr/bin/python3.10, but future installation of another Python interpreter could change the meaning
of that path. See https://docs.ansible.com/ansible-core/2.17/reference_appendices/interpreter_discovery.html for more information.

2024-12-10 03:04:57,146 p=12374 u=mguantay n=ansible | ok: [localhost]
2024-12-10 03:04:57,164 p=12374 u=mguantay n=ansible | TASK [2PRecuperatorio : Crear directorio para el archivo] **************************************************************************************************************************************
2024-12-10 03:04:57,755 p=12374 u=mguantay n=ansible | ok: [localhost]
2024-12-10 03:04:57,773 p=12374 u=mguantay n=ansible | TASK [2PRecuperatorio : Crear archivo con los datos requeridos] ********************************************************************************************************************************
2024-12-10 03:04:57,801 p=12374 u=mguantay n=ansible | fatal: [localhost]: FAILED! => {"msg": "The task includes an option with an undefined variable.. 'nombre' is undefined\n\nThe error appears to be in '/home/mguantay/UTN-FRA_SO_Examenes/202408/ansible/roles/2PRecuperatorio/tasks/main.yml': line 9, column 3, but may\nbe elsewhere in the file depending on the exact syntax problem.\n\nThe offending line appears to be:\n\n\n- name: Crear archivo con los datos requeridos\n  ^ here\n"}
2024-12-10 03:04:57,803 p=12374 u=mguantay n=ansible | PLAY RECAP *************************************************************************************************************************************************************************************
2024-12-10 03:04:57,803 p=12374 u=mguantay n=ansible | localhost                  : ok=2    changed=0    unreachable=0    failed=1    skipped=0    rescued=0    ignored=0   
2024-12-10 03:06:30,826 p=12506 u=mguantay n=ansible | [WARNING]: A duplicate localhost-like entry was found (localhost). First found localhost was 127.0.0.1

2024-12-10 03:06:31,126 p=12506 u=mguantay n=ansible | PLAY [Playbook para crear el archivo de datos] *************************************************************************************************************************************************
2024-12-10 03:06:31,141 p=12506 u=mguantay n=ansible | TASK [Gathering Facts] *************************************************************************************************************************************************************************
2024-12-10 03:06:33,192 p=12506 u=mguantay n=ansible | [WARNING]: Platform linux on host localhost is using the discovered Python interpreter at /usr/bin/python3.10, but future installation of another Python interpreter could change the meaning
of that path. See https://docs.ansible.com/ansible-core/2.17/reference_appendices/interpreter_discovery.html for more information.

2024-12-10 03:06:33,193 p=12506 u=mguantay n=ansible | ok: [localhost]
2024-12-10 03:06:33,211 p=12506 u=mguantay n=ansible | TASK [2PRecuperatorio : Crear directorio para el archivo] **************************************************************************************************************************************
2024-12-10 03:06:33,817 p=12506 u=mguantay n=ansible | ok: [localhost]
2024-12-10 03:06:33,836 p=12506 u=mguantay n=ansible | TASK [2PRecuperatorio : Crear archivo con los datos requeridos] ********************************************************************************************************************************
2024-12-10 03:06:34,908 p=12506 u=mguantay n=ansible | changed: [localhost]
2024-12-10 03:06:34,927 p=12506 u=mguantay n=ansible | PLAY RECAP *************************************************************************************************************************************************************************************
2024-12-10 03:06:34,927 p=12506 u=mguantay n=ansible | localhost                  : ok=3    changed=1    unreachable=0    failed=0    skipped=0    rescued=0    ignored=0   
2024-12-10 03:11:06,047 p=12683 u=mguantay n=ansible | [WARNING]: A duplicate localhost-like entry was found (localhost). First found localhost was 127.0.0.1

2024-12-10 03:11:06,347 p=12683 u=mguantay n=ansible | PLAY [Playbook para crear el archivo de datos] *************************************************************************************************************************************************
2024-12-10 03:11:06,362 p=12683 u=mguantay n=ansible | TASK [Gathering Facts] *************************************************************************************************************************************************************************
2024-12-10 03:11:08,363 p=12683 u=mguantay n=ansible | [WARNING]: Platform linux on host localhost is using the discovered Python interpreter at /usr/bin/python3.10, but future installation of another Python interpreter could change the meaning
of that path. See https://docs.ansible.com/ansible-core/2.17/reference_appendices/interpreter_discovery.html for more information.

2024-12-10 03:11:08,363 p=12683 u=mguantay n=ansible | ok: [localhost]
2024-12-10 03:11:08,380 p=12683 u=mguantay n=ansible | TASK [2PRecuperatorio : Crear directorio para el archivo] **************************************************************************************************************************************
2024-12-10 03:11:08,987 p=12683 u=mguantay n=ansible | ok: [localhost]
2024-12-10 03:11:09,005 p=12683 u=mguantay n=ansible | TASK [2PRecuperatorio : Crear archivo con los datos requeridos] ********************************************************************************************************************************
2024-12-10 03:11:09,932 p=12683 u=mguantay n=ansible | ok: [localhost]
2024-12-10 03:11:09,952 p=12683 u=mguantay n=ansible | PLAY RECAP *************************************************************************************************************************************************************************************
2024-12-10 03:11:09,953 p=12683 u=mguantay n=ansible | localhost                  : ok=3    changed=0    unreachable=0    failed=0    skipped=0    rescued=0    ignored=0   
2024-12-10 15:36:42,299 p=10092 u=mguantay n=ansible | [WARNING]: A duplicate localhost-like entry was found (localhost). First found localhost was 127.0.0.1

2024-12-10 15:36:42,638 p=10092 u=mguantay n=ansible | ERROR! the role 'Alta_Usuarios_<tu-apellido>' was not found in /home/mguantay/UTN-FRA_SO_Examenes/202408/ansible/roles:/tmp:/home/mguantay/UTN-FRA_SO_Examenes/202408:/home/mguantay/UTN-FRA_SO_Examenes/202408/ansible

The error appears to be in '/home/mguantay/UTN-FRA_SO_Examenes/202408/ansible/playbook.yml': line 19, column 7, but may
be elsewhere in the file depending on the exact syntax problem.

The offending line appears to be:

  roles:
    - Alta_Usuarios_<tu-apellido>
      ^ here

2024-12-10 15:41:06,472 p=10097 u=mguantay n=ansible | [WARNING]: A duplicate localhost-like entry was found (localhost). First found localhost was 127.0.0.1

2024-12-10 15:41:06,798 p=10097 u=mguantay n=ansible | PLAY [Playbook para crear el archivo de datos] *************************************************************************************************************************************************
2024-12-10 15:41:06,818 p=10097 u=mguantay n=ansible | TASK [Gathering Facts] *************************************************************************************************************************************************************************
2024-12-10 15:41:08,928 p=10097 u=mguantay n=ansible | [WARNING]: Platform linux on host localhost is using the discovered Python interpreter at /usr/bin/python3.10, but future installation of another Python interpreter could change the meaning
of that path. See https://docs.ansible.com/ansible-core/2.17/reference_appendices/interpreter_discovery.html for more information.

2024-12-10 15:41:08,928 p=10097 u=mguantay n=ansible | ok: [localhost]
2024-12-10 15:41:08,946 p=10097 u=mguantay n=ansible | TASK [2PRecuperatorio : Crear directorio para el archivo] **************************************************************************************************************************************
2024-12-10 15:41:09,544 p=10097 u=mguantay n=ansible | changed: [localhost]
2024-12-10 15:41:09,566 p=10097 u=mguantay n=ansible | TASK [2PRecuperatorio : Crear archivo con los datos requeridos] ********************************************************************************************************************************
2024-12-10 15:41:10,672 p=10097 u=mguantay n=ansible | changed: [localhost]
2024-12-10 15:41:10,694 p=10097 u=mguantay n=ansible | PLAY [Crear usuarios y asignar grupos] *********************************************************************************************************************************************************
2024-12-10 15:41:10,713 p=10097 u=mguantay n=ansible | TASK [Gathering Facts] *************************************************************************************************************************************************************************
2024-12-10 15:41:12,391 p=10097 u=mguantay n=ansible | ok: [localhost]
2024-12-10 15:41:12,408 p=10097 u=mguantay n=ansible | TASK [Alta_Usuarios_Guantay : Crear grupo GProfesores] *****************************************************************************************************************************************
2024-12-10 15:41:13,024 p=10097 u=mguantay n=ansible | changed: [localhost]
2024-12-10 15:41:13,040 p=10097 u=mguantay n=ansible | TASK [Alta_Usuarios_Guantay : Crear grupo GAlumnos] ********************************************************************************************************************************************
2024-12-10 15:41:13,425 p=10097 u=mguantay n=ansible | changed: [localhost]
2024-12-10 15:41:13,442 p=10097 u=mguantay n=ansible | TASK [Alta_Usuarios_Guantay : Crear usuario Profesor y agregarlo al grupo GProfesores] *********************************************************************************************************
2024-12-10 15:41:14,194 p=10097 u=mguantay n=ansible | changed: [localhost]
2024-12-10 15:41:14,210 p=10097 u=mguantay n=ansible | TASK [Alta_Usuarios_Guantay : Crear usuario Alumno y agregarlo al grupo GAlumnos] **************************************************************************************************************
2024-12-10 15:41:14,678 p=10097 u=mguantay n=ansible | changed: [localhost]
2024-12-10 15:41:14,696 p=10097 u=mguantay n=ansible | PLAY RECAP *************************************************************************************************************************************************************************************
2024-12-10 15:41:14,696 p=10097 u=mguantay n=ansible | localhost                  : ok=8    changed=6    unreachable=0    failed=0    skipped=0    rescued=0    ignored=0   
2024-12-10 16:02:46,816 p=10531 u=mguantay n=ansible | [WARNING]: A duplicate localhost-like entry was found (localhost). First found localhost was 127.0.0.1

2024-12-10 16:02:47,127 p=10531 u=mguantay n=ansible | PLAY [Playbook para crear el archivo de datos] *************************************************************************************************************************************************
2024-12-10 16:02:47,140 p=10531 u=mguantay n=ansible | TASK [Gathering Facts] *************************************************************************************************************************************************************************
2024-12-10 16:02:49,084 p=10531 u=mguantay n=ansible | [WARNING]: Platform linux on host localhost is using the discovered Python interpreter at /usr/bin/python3.10, but future installation of another Python interpreter could change the meaning
of that path. See https://docs.ansible.com/ansible-core/2.17/reference_appendices/interpreter_discovery.html for more information.

2024-12-10 16:02:49,084 p=10531 u=mguantay n=ansible | ok: [localhost]
2024-12-10 16:02:49,101 p=10531 u=mguantay n=ansible | TASK [2PRecuperatorio : Crear directorio para el archivo] **************************************************************************************************************************************
2024-12-10 16:02:49,689 p=10531 u=mguantay n=ansible | ok: [localhost]
2024-12-10 16:02:49,707 p=10531 u=mguantay n=ansible | TASK [2PRecuperatorio : Crear archivo con los datos requeridos] ********************************************************************************************************************************
2024-12-10 16:02:50,602 p=10531 u=mguantay n=ansible | ok: [localhost]
2024-12-10 16:02:50,621 p=10531 u=mguantay n=ansible | PLAY [Crear usuarios y asignar grupos] *********************************************************************************************************************************************************
2024-12-10 16:02:50,640 p=10531 u=mguantay n=ansible | TASK [Gathering Facts] *************************************************************************************************************************************************************************
2024-12-10 16:02:52,115 p=10531 u=mguantay n=ansible | ok: [localhost]
2024-12-10 16:02:52,129 p=10531 u=mguantay n=ansible | TASK [Alta_Usuarios_Guantay : Crear grupo GProfesores] *****************************************************************************************************************************************
2024-12-10 16:02:52,730 p=10531 u=mguantay n=ansible | ok: [localhost]
2024-12-10 16:02:52,747 p=10531 u=mguantay n=ansible | TASK [Alta_Usuarios_Guantay : Crear grupo GAlumnos] ********************************************************************************************************************************************
2024-12-10 16:02:53,090 p=10531 u=mguantay n=ansible | ok: [localhost]
2024-12-10 16:02:53,106 p=10531 u=mguantay n=ansible | TASK [Alta_Usuarios_Guantay : Crear usuario Profesor y agregarlo al grupo GProfesores] *********************************************************************************************************
2024-12-10 16:02:53,782 p=10531 u=mguantay n=ansible | ok: [localhost]
2024-12-10 16:02:53,799 p=10531 u=mguantay n=ansible | TASK [Alta_Usuarios_Guantay : Crear usuario Alumno y agregarlo al grupo GAlumnos] **************************************************************************************************************
2024-12-10 16:02:54,220 p=10531 u=mguantay n=ansible | ok: [localhost]
2024-12-10 16:02:54,239 p=10531 u=mguantay n=ansible | PLAY [Configurar sudoers para GProfesores] *****************************************************************************************************************************************************
2024-12-10 16:02:54,256 p=10531 u=mguantay n=ansible | TASK [Gathering Facts] *************************************************************************************************************************************************************************
2024-12-10 16:02:55,689 p=10531 u=mguantay n=ansible | ok: [localhost]
2024-12-10 16:02:55,704 p=10531 u=mguantay n=ansible | TASK [Sudoers_Guantay : Permitir que el grupo GProfesores ejecute sudo sin contraseña] *********************************************************************************************************
2024-12-10 16:02:56,587 p=10531 u=mguantay n=ansible | changed: [localhost]
2024-12-10 16:02:56,605 p=10531 u=mguantay n=ansible | PLAY RECAP *************************************************************************************************************************************************************************************
2024-12-10 16:02:56,606 p=10531 u=mguantay n=ansible | localhost                  : ok=10   changed=1    unreachable=0    failed=0    skipped=0    rescued=0    ignored=0   
2024-12-10 16:50:55,062 p=11058 u=mguantay n=ansible | [WARNING]: A duplicate localhost-like entry was found (localhost). First found localhost was 127.0.0.1

2024-12-10 16:50:55,390 p=11058 u=mguantay n=ansible | PLAY [Playbook para crear el archivo de datos] *************************************************************************************************************************************************
2024-12-10 16:50:55,403 p=11058 u=mguantay n=ansible | TASK [Gathering Facts] *************************************************************************************************************************************************************************
2024-12-10 16:50:57,394 p=11058 u=mguantay n=ansible | [WARNING]: Platform linux on host localhost is using the discovered Python interpreter at /usr/bin/python3.10, but future installation of another Python interpreter could change the meaning
of that path. See https://docs.ansible.com/ansible-core/2.17/reference_appendices/interpreter_discovery.html for more information.

2024-12-10 16:50:57,395 p=11058 u=mguantay n=ansible | ok: [localhost]
2024-12-10 16:50:57,413 p=11058 u=mguantay n=ansible | TASK [2PRecuperatorio : Crear directorio para el archivo] **************************************************************************************************************************************
2024-12-10 16:50:57,974 p=11058 u=mguantay n=ansible | ok: [localhost]
2024-12-10 16:50:57,992 p=11058 u=mguantay n=ansible | TASK [2PRecuperatorio : Crear archivo con los datos requeridos] ********************************************************************************************************************************
2024-12-10 16:50:58,862 p=11058 u=mguantay n=ansible | ok: [localhost]
2024-12-10 16:50:58,880 p=11058 u=mguantay n=ansible | PLAY [Crear usuarios y asignar grupos] *********************************************************************************************************************************************************
2024-12-10 16:50:58,899 p=11058 u=mguantay n=ansible | TASK [Gathering Facts] *************************************************************************************************************************************************************************
2024-12-10 16:51:00,295 p=11058 u=mguantay n=ansible | ok: [localhost]
2024-12-10 16:51:00,310 p=11058 u=mguantay n=ansible | TASK [Alta_Usuarios_Guantay : Crear grupo GProfesores] *****************************************************************************************************************************************
2024-12-10 16:51:00,874 p=11058 u=mguantay n=ansible | ok: [localhost]
2024-12-10 16:51:00,890 p=11058 u=mguantay n=ansible | TASK [Alta_Usuarios_Guantay : Crear grupo GAlumnos] ********************************************************************************************************************************************
2024-12-10 16:51:01,232 p=11058 u=mguantay n=ansible | ok: [localhost]
2024-12-10 16:51:01,248 p=11058 u=mguantay n=ansible | TASK [Alta_Usuarios_Guantay : Crear usuario Profesor y agregarlo al grupo GProfesores] *********************************************************************************************************
2024-12-10 16:51:01,924 p=11058 u=mguantay n=ansible | ok: [localhost]
2024-12-10 16:51:01,940 p=11058 u=mguantay n=ansible | TASK [Alta_Usuarios_Guantay : Crear usuario Alumno y agregarlo al grupo GAlumnos] **************************************************************************************************************
2024-12-10 16:51:02,354 p=11058 u=mguantay n=ansible | ok: [localhost]
2024-12-10 16:51:02,374 p=11058 u=mguantay n=ansible | PLAY [Configurar sudoers para GProfesores] *****************************************************************************************************************************************************
2024-12-10 16:51:02,394 p=11058 u=mguantay n=ansible | TASK [Gathering Facts] *************************************************************************************************************************************************************************
2024-12-10 16:51:03,809 p=11058 u=mguantay n=ansible | ok: [localhost]
2024-12-10 16:51:03,823 p=11058 u=mguantay n=ansible | TASK [Sudoers_Guantay : Permitir que el grupo GProfesores ejecute sudo sin contraseña] *********************************************************************************************************
2024-12-10 16:51:04,468 p=11058 u=mguantay n=ansible | ok: [localhost]
2024-12-10 16:51:04,488 p=11058 u=mguantay n=ansible | PLAY [Instalar herramientas necesarias] ********************************************************************************************************************************************************
2024-12-10 16:51:04,506 p=11058 u=mguantay n=ansible | TASK [Gathering Facts] *************************************************************************************************************************************************************************
2024-12-10 16:51:05,905 p=11058 u=mguantay n=ansible | ok: [localhost]
2024-12-10 16:51:05,920 p=11058 u=mguantay n=ansible | TASK [Instala-tools_Guantay : Actualizar el índice de paquetes] ********************************************************************************************************************************
2024-12-10 16:51:17,440 p=11058 u=mguantay n=ansible | changed: [localhost]
2024-12-10 16:51:17,468 p=11058 u=mguantay n=ansible | TASK [Instala-tools_Guantay : Instalar paquetes requeridos] ************************************************************************************************************************************
2024-12-10 16:51:27,543 p=11058 u=mguantay n=ansible | changed: [localhost]
2024-12-10 16:51:27,559 p=11058 u=mguantay n=ansible | PLAY RECAP *************************************************************************************************************************************************************************************
2024-12-10 16:51:27,559 p=11058 u=mguantay n=ansible | localhost                  : ok=13   changed=2    unreachable=0    failed=0    skipped=0    rescued=0    ignored=0   
2024-12-11 15:35:25,448 p=2239 u=mguantay n=ansible | [WARNING]: A duplicate localhost-like entry was found (localhost). First found localhost was 127.0.0.1

2024-12-11 15:35:25,862 p=2239 u=mguantay n=ansible | PLAY [Playbook para crear el archivo de datos] *************************************************************************************************************************************************
2024-12-11 15:35:25,885 p=2239 u=mguantay n=ansible | TASK [Gathering Facts] *************************************************************************************************************************************************************************
2024-12-11 15:35:28,006 p=2239 u=mguantay n=ansible | [WARNING]: Platform linux on host localhost is using the discovered Python interpreter at /usr/bin/python3.10, but future installation of another Python interpreter could change the meaning
of that path. See https://docs.ansible.com/ansible-core/2.17/reference_appendices/interpreter_discovery.html for more information.

2024-12-11 15:35:28,007 p=2239 u=mguantay n=ansible | ok: [localhost]
2024-12-11 15:35:28,027 p=2239 u=mguantay n=ansible | TASK [2PRecuperatorio : Crear directorio para el archivo] **************************************************************************************************************************************
2024-12-11 15:35:28,629 p=2239 u=mguantay n=ansible | changed: [localhost]
2024-12-11 15:35:28,651 p=2239 u=mguantay n=ansible | TASK [2PRecuperatorio : Crear archivo con los datos requeridos] ********************************************************************************************************************************
2024-12-11 15:35:29,720 p=2239 u=mguantay n=ansible | changed: [localhost]
2024-12-11 15:35:29,744 p=2239 u=mguantay n=ansible | PLAY [Crear usuarios y asignar grupos] *********************************************************************************************************************************************************
2024-12-11 15:35:29,767 p=2239 u=mguantay n=ansible | TASK [Gathering Facts] *************************************************************************************************************************************************************************
2024-12-11 15:35:31,269 p=2239 u=mguantay n=ansible | ok: [localhost]
2024-12-11 15:35:31,286 p=2239 u=mguantay n=ansible | TASK [Alta_Usuarios_Guantay : Crear grupo GProfesores] *****************************************************************************************************************************************
2024-12-11 15:35:31,822 p=2239 u=mguantay n=ansible | ok: [localhost]
2024-12-11 15:35:31,840 p=2239 u=mguantay n=ansible | TASK [Alta_Usuarios_Guantay : Crear grupo GAlumnos] ********************************************************************************************************************************************
2024-12-11 15:35:32,162 p=2239 u=mguantay n=ansible | ok: [localhost]
2024-12-11 15:35:32,182 p=2239 u=mguantay n=ansible | TASK [Alta_Usuarios_Guantay : Crear usuario Profesor y agregarlo al grupo GProfesores] *********************************************************************************************************
2024-12-11 15:35:32,840 p=2239 u=mguantay n=ansible | ok: [localhost]
2024-12-11 15:35:32,858 p=2239 u=mguantay n=ansible | TASK [Alta_Usuarios_Guantay : Crear usuario Alumno y agregarlo al grupo GAlumnos] **************************************************************************************************************
2024-12-11 15:35:33,262 p=2239 u=mguantay n=ansible | ok: [localhost]
2024-12-11 15:35:33,283 p=2239 u=mguantay n=ansible | PLAY [Configurar sudoers para GProfesores] *****************************************************************************************************************************************************
2024-12-11 15:35:33,302 p=2239 u=mguantay n=ansible | TASK [Gathering Facts] *************************************************************************************************************************************************************************
2024-12-11 15:35:34,726 p=2239 u=mguantay n=ansible | ok: [localhost]
2024-12-11 15:35:34,743 p=2239 u=mguantay n=ansible | TASK [Sudoers_Guantay : Permitir que el grupo GProfesores ejecute sudo sin contraseña] *********************************************************************************************************
2024-12-11 15:35:35,390 p=2239 u=mguantay n=ansible | ok: [localhost]
2024-12-11 15:35:35,411 p=2239 u=mguantay n=ansible | PLAY [Instalar herramientas necesarias] ********************************************************************************************************************************************************
2024-12-11 15:35:35,433 p=2239 u=mguantay n=ansible | TASK [Gathering Facts] *************************************************************************************************************************************************************************
2024-12-11 15:35:36,896 p=2239 u=mguantay n=ansible | ok: [localhost]
2024-12-11 15:35:36,913 p=2239 u=mguantay n=ansible | TASK [Instala-tools_Guantay : Actualizar el índice de paquetes] ********************************************************************************************************************************
2024-12-11 15:35:46,646 p=2239 u=mguantay n=ansible | changed: [localhost]
2024-12-11 15:35:46,668 p=2239 u=mguantay n=ansible | TASK [Instala-tools_Guantay : Instalar paquetes requeridos] ************************************************************************************************************************************
2024-12-11 15:35:48,219 p=2239 u=mguantay n=ansible | ok: [localhost]
2024-12-11 15:35:48,238 p=2239 u=mguantay n=ansible | PLAY RECAP *************************************************************************************************************************************************************************************
2024-12-11 15:35:48,238 p=2239 u=mguantay n=ansible | localhost                  : ok=13   changed=3    unreachable=0    failed=0    skipped=0    rescued=0    ignored=0   
2024-12-11 16:49:05,828 p=3337 u=root n=ansible | [WARNING]: A duplicate localhost-like entry was found (localhost). First found localhost was 127.0.0.1

2024-12-11 16:49:06,154 p=3337 u=root n=ansible | PLAY [Playbook para crear el archivo de datos] *************************************************************************************************************************************************
2024-12-11 16:49:06,168 p=3337 u=root n=ansible | TASK [Gathering Facts] *************************************************************************************************************************************************************************
2024-12-11 16:49:08,221 p=3337 u=root n=ansible | [WARNING]: Platform linux on host localhost is using the discovered Python interpreter at /usr/bin/python3.10, but future installation of another Python interpreter could change the meaning
of that path. See https://docs.ansible.com/ansible-core/2.17/reference_appendices/interpreter_discovery.html for more information.

2024-12-11 16:49:08,222 p=3337 u=root n=ansible | ok: [localhost]
2024-12-11 16:49:08,242 p=3337 u=root n=ansible | TASK [2PRecuperatorio : Crear directorio para el archivo] **************************************************************************************************************************************
2024-12-11 16:49:08,827 p=3337 u=root n=ansible | ok: [localhost]
2024-12-11 16:49:08,848 p=3337 u=root n=ansible | TASK [2PRecuperatorio : Crear archivo con los datos requeridos] ********************************************************************************************************************************
2024-12-11 16:49:09,729 p=3337 u=root n=ansible | ok: [localhost]
2024-12-11 16:49:09,753 p=3337 u=root n=ansible | PLAY [Crear usuarios y asignar grupos] *********************************************************************************************************************************************************
2024-12-11 16:49:09,776 p=3337 u=root n=ansible | TASK [Gathering Facts] *************************************************************************************************************************************************************************
2024-12-11 16:49:11,350 p=3337 u=root n=ansible | ok: [localhost]
2024-12-11 16:49:11,369 p=3337 u=root n=ansible | TASK [Alta_Usuarios_Guantay : Crear grupo GProfesores] *****************************************************************************************************************************************
2024-12-11 16:49:11,945 p=3337 u=root n=ansible | ok: [localhost]
2024-12-11 16:49:11,965 p=3337 u=root n=ansible | TASK [Alta_Usuarios_Guantay : Crear grupo GAlumnos] ********************************************************************************************************************************************
2024-12-11 16:49:12,321 p=3337 u=root n=ansible | ok: [localhost]
2024-12-11 16:49:12,344 p=3337 u=root n=ansible | TASK [Alta_Usuarios_Guantay : Crear usuario Profesor y agregarlo al grupo GProfesores] *********************************************************************************************************
2024-12-11 16:49:13,039 p=3337 u=root n=ansible | ok: [localhost]
2024-12-11 16:49:13,059 p=3337 u=root n=ansible | TASK [Alta_Usuarios_Guantay : Crear usuario Alumno y agregarlo al grupo GAlumnos] **************************************************************************************************************
2024-12-11 16:49:13,485 p=3337 u=root n=ansible | ok: [localhost]
2024-12-11 16:49:13,507 p=3337 u=root n=ansible | PLAY [Configurar sudoers para GProfesores] *****************************************************************************************************************************************************
2024-12-11 16:49:13,529 p=3337 u=root n=ansible | TASK [Gathering Facts] *************************************************************************************************************************************************************************
2024-12-11 16:49:16,062 p=3337 u=root n=ansible | ok: [localhost]
2024-12-11 16:49:16,081 p=3337 u=root n=ansible | TASK [Sudoers_Guantay : Permitir que el grupo GProfesores ejecute sudo sin contraseña] *********************************************************************************************************
2024-12-11 16:49:16,753 p=3337 u=root n=ansible | ok: [localhost]
2024-12-11 16:49:16,775 p=3337 u=root n=ansible | PLAY [Instalar herramientas necesarias] ********************************************************************************************************************************************************
2024-12-11 16:49:16,799 p=3337 u=root n=ansible | TASK [Gathering Facts] *************************************************************************************************************************************************************************
2024-12-11 16:49:18,343 p=3337 u=root n=ansible | ok: [localhost]
2024-12-11 16:49:18,362 p=3337 u=root n=ansible | TASK [Instala-tools_Guantay : Actualizar el índice de paquetes] ********************************************************************************************************************************
2024-12-11 16:49:28,749 p=3337 u=root n=ansible | changed: [localhost]
2024-12-11 16:49:28,768 p=3337 u=root n=ansible | TASK [Instala-tools_Guantay : Instalar paquetes requeridos] ************************************************************************************************************************************
2024-12-11 16:49:30,325 p=3337 u=root n=ansible | ok: [localhost]
2024-12-11 16:49:30,345 p=3337 u=root n=ansible | PLAY RECAP *************************************************************************************************************************************************************************************
2024-12-11 16:49:30,345 p=3337 u=root n=ansible | localhost                  : ok=13   changed=1    unreachable=0    failed=0    skipped=0    rescued=0    ignored=0   
